<?xml version="1.0" encoding="UTF-8"?>
<testsuite xmlns:xsi="http://www.w3.org/2001/XMLSchema-instance" xsi:noNamespaceSchemaLocation="https://maven.apache.org/surefire/maven-surefire-plugin/xsd/surefire-test-report-3.0.xsd" version="3.0" name="junitlab.bank.BankTest" time="0.182" tests="4" errors="0" skipped="0" failures="0">
  <properties>
[...]
</properties>
  <testcase name="testUniqueAccount" classname="junitlab.bank.BankTest" time="0.097"/>
  <testcase name="testOpenAccount" classname="junitlab.bank.BankTest" time="0.015"/>
  <testcase name="testDeposit" classname="junitlab.bank.BankTest" time="0.0"/>
  <testcase name="testInvalidAccount" classname="junitlab.bank.BankTest" time="0.0"/>
</testsuite>